This is e-pTeX, Version 3.14159265-p3.6-141210-2.6 (utf8.sjis) (TeX Live 2015/W32TeX) (preloaded format=platex 2016.1.12)  28 FEB 2016 18:51
entering extended mode
 restricted \write18 enabled.
 %&-line parsing enabled.
**./my_thesis.tex
(./my_thesis.tex
pLaTeX2e <2006/11/10> (based on LaTeX2e <2015/01/01> patch level 0)
Babel <3.9l> and hyphenation patterns for 79 languages loaded.
(c:/texlive/2015/texmf-dist/tex/latex/base/report.cls
Document Class: report 2014/09/29 v1.4h Standard LaTeX document class
(c:/texlive/2015/texmf-dist/tex/latex/base/size12.clo
File: size12.clo 2014/09/29 v1.4h Standard LaTeX file (size option)
)
\c@part=\count81
\c@chapter=\count82
\c@section=\count83
\c@subsection=\count84
\c@subsubsection=\count85
\c@paragraph=\count86
\c@subparagraph=\count87
\c@figure=\count88
\c@table=\count89
\abovecaptionskip=\skip41
\belowcaptionskip=\skip42
\bibindent=\dimen118
)
(c:/texlive/2015/texmf-dist/tex/latex/graphics/graphicx.sty
Package: graphicx 2014/10/28 v1.0g Enhanced LaTeX Graphics (DPC,SPQR)

(c:/texlive/2015/texmf-dist/tex/latex/graphics/keyval.sty
Package: keyval 2014/10/28 v1.15 key=value parser (DPC)
\KV@toks@=\toks15
)
(c:/texlive/2015/texmf-dist/tex/latex/graphics/graphics.sty
Package: graphics 2014/10/28 v1.0p Standard LaTeX Graphics (DPC,SPQR)

(c:/texlive/2015/texmf-dist/tex/latex/graphics/trig.sty
Package: trig 1999/03/16 v1.09 sin cos tan (DPC)
)
(c:/texlive/2015/texmf-dist/tex/latex/latexconfig/graphics.cfg
File: graphics.cfg 2010/04/23 v1.9 graphics configuration of TeX Live
)
Package graphics Info: Driver file: dvipdfmx.def on input line 94.

(c:/texlive/2015/texmf-dist/tex/latex/dvipdfmx-def/dvipdfmx.def
File: dvipdfmx.def 2015/03/26 v4.04 LaTeX color/graphics driver for dvipdfmx (T
eX Live/ChoF)
))
\Gin@req@height=\dimen119
\Gin@req@width=\dimen120
)
(c:/texlive/2015/texmf-dist/tex/latex/graphics/epsfig.sty
Package: epsfig 1999/02/16 v1.7a (e)psfig emulation (SPQR)
\epsfxsize=\dimen121
\epsfysize=\dimen122
) (./suthesis-2e.sty
Package: suthesis-2e 2010/05/31

Note that this tries to fulfill the Stanford Thesis requirements but it is unof
ficial
(./setspace.sty
Package: setspace 2011/12/19 v6.7a set line spacing
)
\signaturespace=\skip43
) (./listings.sty
\lst@mode=\count90
\lst@gtempboxa=\box41
\lst@token=\toks16
\lst@length=\count91
\lst@currlwidth=\dimen123
\lst@column=\count92
\lst@pos=\count93
\lst@lostspace=\dimen124
\lst@width=\dimen125
\lst@newlines=\count94
\lst@lineno=\count95
\c@lstlisting=\count96
\lst@maxwidth=\dimen126
 (./lstpatch.sty
File: lstpatch.sty 2004/10/17 1.3b (Carsten Heinz)
) (./lstmisc.sty
File: lstmisc.sty 2004/09/07 1.3 (Carsten Heinz)
\c@lstnumber=\count97
\lst@skipnumbers=\count98
\lst@framebox=\box42
)
(./listings.cfg
File: listings.cfg 2004/09/05 1.3 listings configuration
))
Package: listings 2004/10/17 1.3b (Carsten Heinz)
 (./subfigure.sty
Package: subfigure 2002/03/15 v2.1.5 subfigure package
\subfigtopskip=\skip44
\subfigcapskip=\skip45
\subfigcaptopadj=\dimen127
\subfigbottomskip=\skip46
\subfigcapmargin=\dimen128
\subfiglabelskip=\skip47
\c@subfigure=\count99
\c@lofdepth=\count100
\c@subtable=\count101
\c@lotdepth=\count102

****************************************
* Local config file subfigure.cfg used *
****************************************
(./subfigure.cfg)
\subfig@top=\skip48
\subfig@bottom=\skip49
) (./lstlang1.sty
File: lstlang1.sty 2004/09/05 1.3 listings language file
) (./lstmisc.sty
File: lstmisc.sty 2004/09/07 1.3 (Carsten Heinz)
) (./my_thesis.aux)
\openout1 = `my_thesis.aux'.

LaTeX Font Info:    Checking defaults for OML/cmm/m/it on input line 26.
LaTeX Font Info:    ... okay on input line 26.
LaTeX Font Info:    Checking defaults for T1/cmr/m/n on input line 26.
LaTeX Font Info:    ... okay on input line 26.
LaTeX Font Info:    Checking defaults for OT1/cmr/m/n on input line 26.
LaTeX Font Info:    ... okay on input line 26.
LaTeX Font Info:    Checking defaults for OMS/cmsy/m/n on input line 26.
LaTeX Font Info:    ... okay on input line 26.
LaTeX Font Info:    Checking defaults for OMX/cmex/m/n on input line 26.
LaTeX Font Info:    ... okay on input line 26.
LaTeX Font Info:    Checking defaults for U/cmr/m/n on input line 26.
LaTeX Font Info:    ... okay on input line 26.
LaTeX Font Info:    Checking defaults for JY1/mc/m/n on input line 26.
LaTeX Font Info:    ... okay on input line 26.
LaTeX Font Info:    Checking defaults for JT1/mc/m/n on input line 26.
LaTeX Font Info:    ... okay on input line 26.
 [1

]
LaTeX Font Info:    Try loading font information for OMS+cmr on input line 62.

(c:/texlive/2015/texmf-dist/tex/latex/base/omscmr.fd
File: omscmr.fd 2014/09/29 v2.5h Standard LaTeX font definitions
)
LaTeX Font Info:    Font shape `OMS/cmr/m/n' in size <14.4> not available
(Font)              Font shape `OMS/cmsy/m/n' tried instead on input line 62.
 [2]
LaTeX Font Info:    External font `cmex10' loaded for size
(Font)              <12> on input line 62.
LaTeX Font Info:    External font `cmex10' loaded for size
(Font)              <8> on input line 62.
LaTeX Font Info:    External font `cmex10' loaded for size
(Font)              <6> on input line 62.
 [3]
LaTeX Font Info:    Font shape `JT1/mc/bx/n' in size <24.88> not available
(Font)              Font shape `JT1/gt/m/n' tried instead on input line 67.
LaTeX Font Info:    Font shape `JY1/mc/bx/n' in size <24.88> not available
(Font)              Font shape `JY1/gt/m/n' tried instead on input line 67.
 [4


] [5

]
(./my_thesis.toc
LaTeX Font Info:    Font shape `JT1/mc/bx/n' in size <12> not available
(Font)              Font shape `JT1/gt/m/n' tried instead on input line 1.
LaTeX Font Info:    Font shape `JY1/mc/bx/n' in size <12> not available
(Font)              Font shape `JY1/gt/m/n' tried instead on input line 1.
)
\tf@toc=\write3
\openout3 = `my_thesis.toc'.

 [6

] (./my_thesis.lof)
\tf@lof=\write4
\openout4 = `my_thesis.lof'.

 [7

]
Chapter 1.
[1


]

LaTeX Font Warning: Font shape `JT1/mc/m/sl' undefined
(Font)              using `JT1/mc/m/n' instead on input line 122.


LaTeX Font Warning: Font shape `JY1/mc/m/sl' undefined
(Font)              using `JY1/mc/m/n' instead on input line 122.

[2]
Chapter 2.
LaTeX Font Info:    Font shape `JT1/mc/bx/n' in size <17.28> not available
(Font)              Font shape `JT1/gt/m/n' tried instead on input line 125.
LaTeX Font Info:    Font shape `JY1/mc/bx/n' in size <17.28> not available
(Font)              Font shape `JY1/gt/m/n' tried instead on input line 125.
[3

] [4]
Chapter 3.
File: ./fig/Ist_list.png Graphic file (type bmp)
<./fig/Ist_list.png> [5

] [6] [7] [8] [9] [10] [11]
Chapter 4.
File: ./fig/overall_circuit.png Graphic file (type bmp)
<./fig/overall_circuit.png>
File: ./fig/step1_2.png Graphic file (type bmp)
 <./fig/step1_2.png>
File: ./fig/step2_2.png Graphic file (type bmp)
 <./fig/step2_2.png>
File: ./fig/succ.png Graphic file (type bmp)

<./fig/succ.png> [12

]
File: ./fig/fail.png Graphic file (type bmp)
 <./fig/fail.png>
LaTeX Font Info:    Font shape `JT1/mc/bx/n' in size <14.4> not available
(Font)              Font shape `JT1/gt/m/n' tried instead on input line 371.
LaTeX Font Info:    Font shape `JY1/mc/bx/n' in size <14.4> not available
(Font)              Font shape `JY1/gt/m/n' tried instead on input line 371.
 [13]
File: ./fig/byte.png Graphic file (type bmp)
 <./fig/byte.png> [14] [15]
File: ./fig/rbyte.png Graphic file (type bmp)

<./fig/rbyte.png> [16] [17] [18] [19]
Chapter 5.
LaTeX Font Info:    Font shape `OMS/cmr/m/n' in size <12> not available
(Font)              Font shape `OMS/cmsy/m/n' tried instead on input line 449.
[20

]
Chapter 6.
File: ./fig/result.png Graphic file (type bmp)
<./fig/result.png> [21

] [22]
Chapter 7.

Overfull \hbox (1.14357pt too wide) in paragraph at lines 548--549
[]\OT1/cmr/m/n/12 [5] Cheng-Hung Lin, Chih-Tsun Huang, Chang-Ping Jiang, and Sh
ih-Chieh Chang,
 []

[23

] [24]
Chapter 8.
[25

] (./my_thesis.aux)

LaTeX Font Warning: Some font shapes were not available, defaults substituted.

 ) 
Here is how much of TeX's memory you used:
 2226 strings out of 493777
 30087 string characters out of 6154259
 100140 words of memory out of 5000000
 5711 multiletter control sequences out of 15000+600000
 15941 words of font info for 62 fonts, out of 8000000 for 9000
 929 hyphenation exceptions out of 8191
 26i,8n,59p,791b,322s stack positions out of 5000i,500n,10000p,200000b,80000s

Output written on my_thesis.dvi (32 pages, 55008 bytes).
